This file contains any messages produced by compilers while
running configure, to aid debugging if configure makes a mistake.

It was created by onionrouting configure 1.0, which was
generated by GNU Autoconf 2.69.  Invocation command line was

  $ ./configure 

## --------- ##
## Platform. ##
## --------- ##

hostname = gyan-VPCEA16FG
uname -m = x86_64
uname -r = 3.13.0-66-generic
uname -s = Linux
uname -v = #108-Ubuntu SMP Wed Oct 7 15:20:27 UTC 2015

/usr/bin/uname -p = unknown
/bin/uname -X     = unknown

/bin/arch              = unknown
/usr/bin/arch -k       = unknown
/usr/convex/getsysinfo = unknown
/usr/bin/hostinfo      = unknown
/bin/machine           = unknown
/usr/bin/oslevel       = unknown
/bin/universe          = unknown

PATH: /usr/local/sbin
PATH: /usr/local/bin
PATH: /usr/sbin
PATH: /usr/bin
PATH: /sbin
PATH: /bin
PATH: /usr/games
PATH: /usr/local/games


## ----------- ##
## Core tests. ##
## ----------- ##

configure:2425: checking for a BSD-compatible install
configure:2493: result: /usr/bin/install -c
configure:2504: checking whether build environment is sane
configure:2559: result: yes
configure:2710: checking for a thread-safe mkdir -p
configure:2749: result: /bin/mkdir -p
configure:2756: checking for gawk
configure:2786: result: no
configure:2756: checking for mawk
configure:2772: found /usr/bin/mawk
configure:2783: result: mawk
configure:2794: checking whether make sets $(MAKE)
configure:2816: result: yes
configure:2845: checking whether make supports nested variables
configure:2862: result: yes
configure:3003: checking for style of include used by make
configure:3031: result: GNU
configure:3102: checking for gcc
configure:3118: found /usr/bin/gcc
configure:3129: result: gcc
configure:3358: checking for C compiler version
configure:3367: gcc --version >&5
gcc (Ubuntu 4.8.4-2ubuntu1~14.04) 4.8.4
Copyright (C) 2013 Free Software Foundation, Inc.
This is free software; see the source for copying conditions.  There is NO
warranty; not even for MERCHANTABILITY or FITNESS FOR A PARTICULAR PURPOSE.

configure:3378: $? = 0
configure:3367: gcc -v >&5
Using built-in specs.
COLLECT_GCC=gcc
COLLECT_LTO_WRAPPER=/usr/lib/gcc/x86_64-linux-gnu/4.8/lto-wrapper
Target: x86_64-linux-gnu
Configured with: ../src/configure -v --with-pkgversion='Ubuntu 4.8.4-2ubuntu1~14.04' --with-bugurl=file:///usr/share/doc/gcc-4.8/README.Bugs --enable-languages=c,c++,java,go,d,fortran,objc,obj-c++ --prefix=/usr --program-suffix=-4.8 --enable-shared --enable-linker-build-id --libexecdir=/usr/lib --without-included-gettext --enable-threads=posix --with-gxx-include-dir=/usr/include/c++/4.8 --libdir=/usr/lib --enable-nls --with-sysroot=/ --enable-clocale=gnu --enable-libstdcxx-debug --enable-libstdcxx-time=yes --enable-gnu-unique-object --disable-libmudflap --enable-plugin --with-system-zlib --disable-browser-plugin --enable-java-awt=gtk --enable-gtk-cairo --with-java-home=/usr/lib/jvm/java-1.5.0-gcj-4.8-amd64/jre --enable-java-home --with-jvm-root-dir=/usr/lib/jvm/java-1.5.0-gcj-4.8-amd64 --with-jvm-jar-dir=/usr/lib/jvm-exports/java-1.5.0-gcj-4.8-amd64 --with-arch-directory=amd64 --with-ecj-jar=/usr/share/java/eclipse-ecj.jar --enable-objc-gc --enable-multiarch --disable-werror --with-arch-32=i686 --with-abi=m64 --with-multilib-list=m32,m64,mx32 --with-tune=generic --enable-checking=release --build=x86_64-linux-gnu --host=x86_64-linux-gnu --target=x86_64-linux-gnu
Thread model: posix
gcc version 4.8.4 (Ubuntu 4.8.4-2ubuntu1~14.04) 
configure:3378: $? = 0
configure:3367: gcc -V >&5
gcc: error: unrecognized command line option '-V'
gcc: fatal error: no input files
compilation terminated.
configure:3378: $? = 4
configure:3367: gcc -qversion >&5
gcc: error: unrecognized command line option '-qversion'
gcc: fatal error: no input files
compilation terminated.
configure:3378: $? = 4
configure:3398: checking whether the C compiler works
configure:3420: gcc    conftest.c  >&5
configure:3424: $? = 0
configure:3472: result: yes
configure:3475: checking for C compiler default output file name
configure:3477: result: a.out
configure:3483: checking for suffix of executables
configure:3490: gcc -o conftest    conftest.c  >&5
configure:3494: $? = 0
configure:3516: result: 
configure:3538: checking whether we are cross compiling
configure:3546: gcc -o conftest    conftest.c  >&5
configure:3550: $? = 0
configure:3557: ./conftest
configure:3561: $? = 0
configure:3576: result: no
configure:3581: checking for suffix of object files
configure:3603: gcc -c   conftest.c >&5
configure:3607: $? = 0
configure:3628: result: o
configure:3632: checking whether we are using the GNU C compiler
configure:3651: gcc -c   conftest.c >&5
configure:3651: $? = 0
configure:3660: result: yes
configure:3669: checking whether gcc accepts -g
configure:3689: gcc -c -g  conftest.c >&5
configure:3689: $? = 0
configure:3730: result: yes
configure:3747: checking for gcc option to accept ISO C89
configure:3810: gcc  -c -g -O2  conftest.c >&5
configure:3810: $? = 0
configure:3823: result: none needed
configure:3848: checking whether gcc understands -c and -o together
configure:3870: gcc -c conftest.c -o conftest2.o
configure:3873: $? = 0
configure:3870: gcc -c conftest.c -o conftest2.o
configure:3873: $? = 0
configure:3885: result: yes
configure:3904: checking dependency style of gcc
configure:4015: result: gcc3
configure:4036: checking how to run the C preprocessor
configure:4067: gcc -E  conftest.c
configure:4067: $? = 0
configure:4081: gcc -E  conftest.c
conftest.c:11:28: fatal error: ac_nonexistent.h: No such file or directory
 #include <ac_nonexistent.h>
                            ^
compilation terminated.
configure:4081: $? = 1
configure: failed program was:
| /* confdefs.h */
| #define PACKAGE_NAME "onionrouting"
| #define PACKAGE_TARNAME "onionrouting"
| #define PACKAGE_VERSION "1.0"
| #define PACKAGE_STRING "onionrouting 1.0"
| #define PACKAGE_BUGREPORT "gyanranjanh@gmail.com"
| #define PACKAGE_URL ""
| #define PACKAGE "onionrouting"
| #define VERSION "1.0"
| /* end confdefs.h.  */
| #include <ac_nonexistent.h>
configure:4106: result: gcc -E
configure:4126: gcc -E  conftest.c
configure:4126: $? = 0
configure:4140: gcc -E  conftest.c
conftest.c:11:28: fatal error: ac_nonexistent.h: No such file or directory
 #include <ac_nonexistent.h>
                            ^
compilation terminated.
configure:4140: $? = 1
configure: failed program was:
| /* confdefs.h */
| #define PACKAGE_NAME "onionrouting"
| #define PACKAGE_TARNAME "onionrouting"
| #define PACKAGE_VERSION "1.0"
| #define PACKAGE_STRING "onionrouting 1.0"
| #define PACKAGE_BUGREPORT "gyanranjanh@gmail.com"
| #define PACKAGE_URL ""
| #define PACKAGE "onionrouting"
| #define VERSION "1.0"
| /* end confdefs.h.  */
| #include <ac_nonexistent.h>
configure:4169: checking for grep that handles long lines and -e
configure:4227: result: /bin/grep
configure:4232: checking for egrep
configure:4294: result: /bin/grep -E
configure:4299: checking for ANSI C header files
configure:4319: gcc -c -g -O2  conftest.c >&5
configure:4319: $? = 0
configure:4392: gcc -o conftest -g -O2   conftest.c  >&5
configure:4392: $? = 0
configure:4392: ./conftest
configure:4392: $? = 0
configure:4403: result: yes
configure:4416: checking for sys/types.h
configure:4416: gcc -c -g -O2  conftest.c >&5
configure:4416: $? = 0
configure:4416: result: yes
configure:4416: checking for sys/stat.h
configure:4416: gcc -c -g -O2  conftest.c >&5
configure:4416: $? = 0
configure:4416: result: yes
configure:4416: checking for stdlib.h
configure:4416: gcc -c -g -O2  conftest.c >&5
configure:4416: $? = 0
configure:4416: result: yes
configure:4416: checking for string.h
configure:4416: gcc -c -g -O2  conftest.c >&5
configure:4416: $? = 0
configure:4416: result: yes
configure:4416: checking for memory.h
configure:4416: gcc -c -g -O2  conftest.c >&5
configure:4416: $? = 0
configure:4416: result: yes
configure:4416: checking for strings.h
configure:4416: gcc -c -g -O2  conftest.c >&5
configure:4416: $? = 0
configure:4416: result: yes
configure:4416: checking for inttypes.h
configure:4416: gcc -c -g -O2  conftest.c >&5
configure:4416: $? = 0
configure:4416: result: yes
configure:4416: checking for stdint.h
configure:4416: gcc -c -g -O2  conftest.c >&5
configure:4416: $? = 0
configure:4416: result: yes
configure:4416: checking for unistd.h
configure:4416: gcc -c -g -O2  conftest.c >&5
configure:4416: $? = 0
configure:4416: result: yes
configure:4431: checking config.h usability
configure:4431: gcc -c -g -O2  conftest.c >&5
conftest.c:54:20: fatal error: config.h: No such file or directory
 #include <config.h>
                    ^
compilation terminated.
configure:4431: $? = 1
configure: failed program was:
| /* confdefs.h */
| #define PACKAGE_NAME "onionrouting"
| #define PACKAGE_TARNAME "onionrouting"
| #define PACKAGE_VERSION "1.0"
| #define PACKAGE_STRING "onionrouting 1.0"
| #define PACKAGE_BUGREPORT "gyanranjanh@gmail.com"
| #define PACKAGE_URL ""
| #define PACKAGE "onionrouting"
| #define VERSION "1.0"
| #define STDC_HEADERS 1
| #define HAVE_SYS_TYPES_H 1
| #define HAVE_SYS_STAT_H 1
| #define HAVE_STDLIB_H 1
| #define HAVE_STRING_H 1
| #define HAVE_MEMORY_H 1
| #define HAVE_STRINGS_H 1
| #define HAVE_INTTYPES_H 1
| #define HAVE_STDINT_H 1
| #define HAVE_UNISTD_H 1
| /* end confdefs.h.  */
| #include <stdio.h>
| #ifdef HAVE_SYS_TYPES_H
| # include <sys/types.h>
| #endif
| #ifdef HAVE_SYS_STAT_H
| # include <sys/stat.h>
| #endif
| #ifdef STDC_HEADERS
| # include <stdlib.h>
| # include <stddef.h>
| #else
| # ifdef HAVE_STDLIB_H
| #  include <stdlib.h>
| # endif
| #endif
| #ifdef HAVE_STRING_H
| # if !defined STDC_HEADERS && defined HAVE_MEMORY_H
| #  include <memory.h>
| # endif
| # include <string.h>
| #endif
| #ifdef HAVE_STRINGS_H
| # include <strings.h>
| #endif
| #ifdef HAVE_INTTYPES_H
| # include <inttypes.h>
| #endif
| #ifdef HAVE_STDINT_H
| # include <stdint.h>
| #endif
| #ifdef HAVE_UNISTD_H
| # include <unistd.h>
| #endif
| #include <config.h>
configure:4431: result: no
configure:4431: checking config.h presence
configure:4431: gcc -E  conftest.c
conftest.c:21:20: fatal error: config.h: No such file or directory
 #include <config.h>
                    ^
compilation terminated.
configure:4431: $? = 1
configure: failed program was:
| /* confdefs.h */
| #define PACKAGE_NAME "onionrouting"
| #define PACKAGE_TARNAME "onionrouting"
| #define PACKAGE_VERSION "1.0"
| #define PACKAGE_STRING "onionrouting 1.0"
| #define PACKAGE_BUGREPORT "gyanranjanh@gmail.com"
| #define PACKAGE_URL ""
| #define PACKAGE "onionrouting"
| #define VERSION "1.0"
| #define STDC_HEADERS 1
| #define HAVE_SYS_TYPES_H 1
| #define HAVE_SYS_STAT_H 1
| #define HAVE_STDLIB_H 1
| #define HAVE_STRING_H 1
| #define HAVE_MEMORY_H 1
| #define HAVE_STRINGS_H 1
| #define HAVE_INTTYPES_H 1
| #define HAVE_STDINT_H 1
| #define HAVE_UNISTD_H 1
| /* end confdefs.h.  */
| #include <config.h>
configure:4431: result: no
configure:4431: checking for config.h
configure:4431: result: no
configure:4431: checking netdb.h usability
configure:4431: gcc -c -g -O2  conftest.c >&5
configure:4431: $? = 0
configure:4431: result: yes
configure:4431: checking netdb.h presence
configure:4431: gcc -E  conftest.c
configure:4431: $? = 0
configure:4431: result: yes
configure:4431: checking for netdb.h
configure:4431: result: yes
configure:4431: checking netinet/in.h usability
configure:4431: gcc -c -g -O2  conftest.c >&5
configure:4431: $? = 0
configure:4431: result: yes
configure:4431: checking netinet/in.h presence
configure:4431: gcc -E  conftest.c
configure:4431: $? = 0
configure:4431: result: yes
configure:4431: checking for netinet/in.h
configure:4431: result: yes
configure:4431: checking stddef.h usability
configure:4431: gcc -c -g -O2  conftest.c >&5
configure:4431: $? = 0
configure:4431: result: yes
configure:4431: checking stddef.h presence
configure:4431: gcc -E  conftest.c
configure:4431: $? = 0
configure:4431: result: yes
configure:4431: checking for stddef.h
configure:4431: result: yes
configure:4431: checking for stdint.h
configure:4431: result: yes
configure:4431: checking for stdlib.h
configure:4431: result: yes
configure:4431: checking for string.h
configure:4431: result: yes
configure:4431: checking sys/socket.h usability
configure:4431: gcc -c -g -O2  conftest.c >&5
configure:4431: $? = 0
configure:4431: result: yes
configure:4431: checking sys/socket.h presence
configure:4431: gcc -E  conftest.c
configure:4431: $? = 0
configure:4431: result: yes
configure:4431: checking for sys/socket.h
configure:4431: result: yes
configure:4501: checking for g++
configure:4517: found /usr/bin/g++
configure:4528: result: g++
configure:4555: checking for C++ compiler version
configure:4564: g++ --version >&5
g++ (Ubuntu 4.8.4-2ubuntu1~14.04) 4.8.4
Copyright (C) 2013 Free Software Foundation, Inc.
This is free software; see the source for copying conditions.  There is NO
warranty; not even for MERCHANTABILITY or FITNESS FOR A PARTICULAR PURPOSE.

configure:4575: $? = 0
configure:4564: g++ -v >&5
Using built-in specs.
COLLECT_GCC=g++
COLLECT_LTO_WRAPPER=/usr/lib/gcc/x86_64-linux-gnu/4.8/lto-wrapper
Target: x86_64-linux-gnu
Configured with: ../src/configure -v --with-pkgversion='Ubuntu 4.8.4-2ubuntu1~14.04' --with-bugurl=file:///usr/share/doc/gcc-4.8/README.Bugs --enable-languages=c,c++,java,go,d,fortran,objc,obj-c++ --prefix=/usr --program-suffix=-4.8 --enable-shared --enable-linker-build-id --libexecdir=/usr/lib --without-included-gettext --enable-threads=posix --with-gxx-include-dir=/usr/include/c++/4.8 --libdir=/usr/lib --enable-nls --with-sysroot=/ --enable-clocale=gnu --enable-libstdcxx-debug --enable-libstdcxx-time=yes --enable-gnu-unique-object --disable-libmudflap --enable-plugin --with-system-zlib --disable-browser-plugin --enable-java-awt=gtk --enable-gtk-cairo --with-java-home=/usr/lib/jvm/java-1.5.0-gcj-4.8-amd64/jre --enable-java-home --with-jvm-root-dir=/usr/lib/jvm/java-1.5.0-gcj-4.8-amd64 --with-jvm-jar-dir=/usr/lib/jvm-exports/java-1.5.0-gcj-4.8-amd64 --with-arch-directory=amd64 --with-ecj-jar=/usr/share/java/eclipse-ecj.jar --enable-objc-gc --enable-multiarch --disable-werror --with-arch-32=i686 --with-abi=m64 --with-multilib-list=m32,m64,mx32 --with-tune=generic --enable-checking=release --build=x86_64-linux-gnu --host=x86_64-linux-gnu --target=x86_64-linux-gnu
Thread model: posix
gcc version 4.8.4 (Ubuntu 4.8.4-2ubuntu1~14.04) 
configure:4575: $? = 0
configure:4564: g++ -V >&5
g++: error: unrecognized command line option '-V'
g++: fatal error: no input files
compilation terminated.
configure:4575: $? = 4
configure:4564: g++ -qversion >&5
g++: error: unrecognized command line option '-qversion'
g++: fatal error: no input files
compilation terminated.
configure:4575: $? = 4
configure:4579: checking whether we are using the GNU C++ compiler
configure:4598: g++ -c   conftest.cpp >&5
configure:4598: $? = 0
configure:4607: result: yes
configure:4616: checking whether g++ accepts -g
configure:4636: g++ -c -g  conftest.cpp >&5
configure:4636: $? = 0
configure:4677: result: yes
configure:4702: checking dependency style of g++
configure:4813: result: gcc3
configure:4832: checking for gawk
configure:4859: result: mawk
configure:4918: checking for gcc
configure:4945: result: gcc
configure:5174: checking for C compiler version
configure:5183: gcc --version >&5
gcc (Ubuntu 4.8.4-2ubuntu1~14.04) 4.8.4
Copyright (C) 2013 Free Software Foundation, Inc.
This is free software; see the source for copying conditions.  There is NO
warranty; not even for MERCHANTABILITY or FITNESS FOR A PARTICULAR PURPOSE.

configure:5194: $? = 0
configure:5183: gcc -v >&5
Using built-in specs.
COLLECT_GCC=gcc
COLLECT_LTO_WRAPPER=/usr/lib/gcc/x86_64-linux-gnu/4.8/lto-wrapper
Target: x86_64-linux-gnu
Configured with: ../src/configure -v --with-pkgversion='Ubuntu 4.8.4-2ubuntu1~14.04' --with-bugurl=file:///usr/share/doc/gcc-4.8/README.Bugs --enable-languages=c,c++,java,go,d,fortran,objc,obj-c++ --prefix=/usr --program-suffix=-4.8 --enable-shared --enable-linker-build-id --libexecdir=/usr/lib --without-included-gettext --enable-threads=posix --with-gxx-include-dir=/usr/include/c++/4.8 --libdir=/usr/lib --enable-nls --with-sysroot=/ --enable-clocale=gnu --enable-libstdcxx-debug --enable-libstdcxx-time=yes --enable-gnu-unique-object --disable-libmudflap --enable-plugin --with-system-zlib --disable-browser-plugin --enable-java-awt=gtk --enable-gtk-cairo --with-java-home=/usr/lib/jvm/java-1.5.0-gcj-4.8-amd64/jre --enable-java-home --with-jvm-root-dir=/usr/lib/jvm/java-1.5.0-gcj-4.8-amd64 --with-jvm-jar-dir=/usr/lib/jvm-exports/java-1.5.0-gcj-4.8-amd64 --with-arch-directory=amd64 --with-ecj-jar=/usr/share/java/eclipse-ecj.jar --enable-objc-gc --enable-multiarch --disable-werror --with-arch-32=i686 --with-abi=m64 --with-multilib-list=m32,m64,mx32 --with-tune=generic --enable-checking=release --build=x86_64-linux-gnu --host=x86_64-linux-gnu --target=x86_64-linux-gnu
Thread model: posix
gcc version 4.8.4 (Ubuntu 4.8.4-2ubuntu1~14.04) 
configure:5194: $? = 0
configure:5183: gcc -V >&5
gcc: error: unrecognized command line option '-V'
gcc: fatal error: no input files
compilation terminated.
configure:5194: $? = 4
configure:5183: gcc -qversion >&5
gcc: error: unrecognized command line option '-qversion'
gcc: fatal error: no input files
compilation terminated.
configure:5194: $? = 4
configure:5198: checking whether we are using the GNU C compiler
configure:5226: result: yes
configure:5235: checking whether gcc accepts -g
configure:5296: result: yes
configure:5313: checking for gcc option to accept ISO C89
configure:5389: result: none needed
configure:5414: checking whether gcc understands -c and -o together
configure:5451: result: yes
configure:5470: checking dependency style of gcc
configure:5581: result: gcc3
configure:5601: checking how to run the C preprocessor
configure:5671: result: gcc -E
configure:5691: gcc -E  conftest.c
configure:5691: $? = 0
configure:5705: gcc -E  conftest.c
conftest.c:28:28: fatal error: ac_nonexistent.h: No such file or directory
 #include <ac_nonexistent.h>
                            ^
compilation terminated.
configure:5705: $? = 1
configure: failed program was:
| /* confdefs.h */
| #define PACKAGE_NAME "onionrouting"
| #define PACKAGE_TARNAME "onionrouting"
| #define PACKAGE_VERSION "1.0"
| #define PACKAGE_STRING "onionrouting 1.0"
| #define PACKAGE_BUGREPORT "gyanranjanh@gmail.com"
| #define PACKAGE_URL ""
| #define PACKAGE "onionrouting"
| #define VERSION "1.0"
| #define STDC_HEADERS 1
| #define HAVE_SYS_TYPES_H 1
| #define HAVE_SYS_STAT_H 1
| #define HAVE_STDLIB_H 1
| #define HAVE_STRING_H 1
| #define HAVE_MEMORY_H 1
| #define HAVE_STRINGS_H 1
| #define HAVE_INTTYPES_H 1
| #define HAVE_STDINT_H 1
| #define HAVE_UNISTD_H 1
| #define HAVE_NETDB_H 1
| #define HAVE_NETINET_IN_H 1
| #define HAVE_STDDEF_H 1
| #define HAVE_STDINT_H 1
| #define HAVE_STDLIB_H 1
| #define HAVE_STRING_H 1
| #define HAVE_SYS_SOCKET_H 1
| /* end confdefs.h.  */
| #include <ac_nonexistent.h>
configure:5734: checking whether ln -s works
configure:5738: result: yes
configure:5745: checking whether make sets $(MAKE)
configure:5767: result: yes
configure:5819: checking for ranlib
configure:5835: found /usr/bin/ranlib
configure:5846: result: ranlib
configure:5870: checking for int16_t
configure:5870: gcc -c -g -O2  conftest.c >&5
configure:5870: $? = 0
configure:5870: gcc -c -g -O2  conftest.c >&5
conftest.c: In function 'main':
conftest.c:65:12: error: size of array 'test_array' is negative
 static int test_array [1 - 2 * !((int16_t) (((((int16_t) 1 << N) << N) - 1) * 2 + 1)
            ^
configure:5870: $? = 1
configure: failed program was:
| /* confdefs.h */
| #define PACKAGE_NAME "onionrouting"
| #define PACKAGE_TARNAME "onionrouting"
| #define PACKAGE_VERSION "1.0"
| #define PACKAGE_STRING "onionrouting 1.0"
| #define PACKAGE_BUGREPORT "gyanranjanh@gmail.com"
| #define PACKAGE_URL ""
| #define PACKAGE "onionrouting"
| #define VERSION "1.0"
| #define STDC_HEADERS 1
| #define HAVE_SYS_TYPES_H 1
| #define HAVE_SYS_STAT_H 1
| #define HAVE_STDLIB_H 1
| #define HAVE_STRING_H 1
| #define HAVE_MEMORY_H 1
| #define HAVE_STRINGS_H 1
| #define HAVE_INTTYPES_H 1
| #define HAVE_STDINT_H 1
| #define HAVE_UNISTD_H 1
| #define HAVE_NETDB_H 1
| #define HAVE_NETINET_IN_H 1
| #define HAVE_STDDEF_H 1
| #define HAVE_STDINT_H 1
| #define HAVE_STDLIB_H 1
| #define HAVE_STRING_H 1
| #define HAVE_SYS_SOCKET_H 1
| /* end confdefs.h.  */
| #include <stdio.h>
| #ifdef HAVE_SYS_TYPES_H
| # include <sys/types.h>
| #endif
| #ifdef HAVE_SYS_STAT_H
| # include <sys/stat.h>
| #endif
| #ifdef STDC_HEADERS
| # include <stdlib.h>
| # include <stddef.h>
| #else
| # ifdef HAVE_STDLIB_H
| #  include <stdlib.h>
| # endif
| #endif
| #ifdef HAVE_STRING_H
| # if !defined STDC_HEADERS && defined HAVE_MEMORY_H
| #  include <memory.h>
| # endif
| # include <string.h>
| #endif
| #ifdef HAVE_STRINGS_H
| # include <strings.h>
| #endif
| #ifdef HAVE_INTTYPES_H
| # include <inttypes.h>
| #endif
| #ifdef HAVE_STDINT_H
| # include <stdint.h>
| #endif
| #ifdef HAVE_UNISTD_H
| # include <unistd.h>
| #endif
| 	        enum { N = 16 / 2 - 1 };
| int
| main ()
| {
| static int test_array [1 - 2 * !((int16_t) (((((int16_t) 1 << N) << N) - 1) * 2 + 1)
| 		 < (int16_t) (((((int16_t) 1 << N) << N) - 1) * 2 + 2))];
| test_array [0] = 0;
| return test_array [0];
| 
|   ;
|   return 0;
| }
configure:5870: result: yes
configure:5881: checking for int32_t
configure:5881: gcc -c -g -O2  conftest.c >&5
configure:5881: $? = 0
configure:5881: gcc -c -g -O2  conftest.c >&5
conftest.c: In function 'main':
conftest.c:66:53: warning: integer overflow in expression [-Woverflow]
    < (int32_t) (((((int32_t) 1 << N) << N) - 1) * 2 + 2))];
                                                     ^
conftest.c:65:12: error: storage size of 'test_array' isn't constant
 static int test_array [1 - 2 * !((int32_t) (((((int32_t) 1 << N) << N) - 1) * 2 + 1)
            ^
configure:5881: $? = 1
configure: failed program was:
| /* confdefs.h */
| #define PACKAGE_NAME "onionrouting"
| #define PACKAGE_TARNAME "onionrouting"
| #define PACKAGE_VERSION "1.0"
| #define PACKAGE_STRING "onionrouting 1.0"
| #define PACKAGE_BUGREPORT "gyanranjanh@gmail.com"
| #define PACKAGE_URL ""
| #define PACKAGE "onionrouting"
| #define VERSION "1.0"
| #define STDC_HEADERS 1
| #define HAVE_SYS_TYPES_H 1
| #define HAVE_SYS_STAT_H 1
| #define HAVE_STDLIB_H 1
| #define HAVE_STRING_H 1
| #define HAVE_MEMORY_H 1
| #define HAVE_STRINGS_H 1
| #define HAVE_INTTYPES_H 1
| #define HAVE_STDINT_H 1
| #define HAVE_UNISTD_H 1
| #define HAVE_NETDB_H 1
| #define HAVE_NETINET_IN_H 1
| #define HAVE_STDDEF_H 1
| #define HAVE_STDINT_H 1
| #define HAVE_STDLIB_H 1
| #define HAVE_STRING_H 1
| #define HAVE_SYS_SOCKET_H 1
| /* end confdefs.h.  */
| #include <stdio.h>
| #ifdef HAVE_SYS_TYPES_H
| # include <sys/types.h>
| #endif
| #ifdef HAVE_SYS_STAT_H
| # include <sys/stat.h>
| #endif
| #ifdef STDC_HEADERS
| # include <stdlib.h>
| # include <stddef.h>
| #else
| # ifdef HAVE_STDLIB_H
| #  include <stdlib.h>
| # endif
| #endif
| #ifdef HAVE_STRING_H
| # if !defined STDC_HEADERS && defined HAVE_MEMORY_H
| #  include <memory.h>
| # endif
| # include <string.h>
| #endif
| #ifdef HAVE_STRINGS_H
| # include <strings.h>
| #endif
| #ifdef HAVE_INTTYPES_H
| # include <inttypes.h>
| #endif
| #ifdef HAVE_STDINT_H
| # include <stdint.h>
| #endif
| #ifdef HAVE_UNISTD_H
| # include <unistd.h>
| #endif
| 	        enum { N = 32 / 2 - 1 };
| int
| main ()
| {
| static int test_array [1 - 2 * !((int32_t) (((((int32_t) 1 << N) << N) - 1) * 2 + 1)
| 		 < (int32_t) (((((int32_t) 1 << N) << N) - 1) * 2 + 2))];
| test_array [0] = 0;
| return test_array [0];
| 
|   ;
|   return 0;
| }
configure:5881: result: yes
configure:5892: checking for int64_t
configure:5892: gcc -c -g -O2  conftest.c >&5
configure:5892: $? = 0
configure:5892: gcc -c -g -O2  conftest.c >&5
conftest.c: In function 'main':
conftest.c:66:53: warning: integer overflow in expression [-Woverflow]
    < (int64_t) (((((int64_t) 1 << N) << N) - 1) * 2 + 2))];
                                                     ^
conftest.c:65:12: error: storage size of 'test_array' isn't constant
 static int test_array [1 - 2 * !((int64_t) (((((int64_t) 1 << N) << N) - 1) * 2 + 1)
            ^
configure:5892: $? = 1
configure: failed program was:
| /* confdefs.h */
| #define PACKAGE_NAME "onionrouting"
| #define PACKAGE_TARNAME "onionrouting"
| #define PACKAGE_VERSION "1.0"
| #define PACKAGE_STRING "onionrouting 1.0"
| #define PACKAGE_BUGREPORT "gyanranjanh@gmail.com"
| #define PACKAGE_URL ""
| #define PACKAGE "onionrouting"
| #define VERSION "1.0"
| #define STDC_HEADERS 1
| #define HAVE_SYS_TYPES_H 1
| #define HAVE_SYS_STAT_H 1
| #define HAVE_STDLIB_H 1
| #define HAVE_STRING_H 1
| #define HAVE_MEMORY_H 1
| #define HAVE_STRINGS_H 1
| #define HAVE_INTTYPES_H 1
| #define HAVE_STDINT_H 1
| #define HAVE_UNISTD_H 1
| #define HAVE_NETDB_H 1
| #define HAVE_NETINET_IN_H 1
| #define HAVE_STDDEF_H 1
| #define HAVE_STDINT_H 1
| #define HAVE_STDLIB_H 1
| #define HAVE_STRING_H 1
| #define HAVE_SYS_SOCKET_H 1
| /* end confdefs.h.  */
| #include <stdio.h>
| #ifdef HAVE_SYS_TYPES_H
| # include <sys/types.h>
| #endif
| #ifdef HAVE_SYS_STAT_H
| # include <sys/stat.h>
| #endif
| #ifdef STDC_HEADERS
| # include <stdlib.h>
| # include <stddef.h>
| #else
| # ifdef HAVE_STDLIB_H
| #  include <stdlib.h>
| # endif
| #endif
| #ifdef HAVE_STRING_H
| # if !defined STDC_HEADERS && defined HAVE_MEMORY_H
| #  include <memory.h>
| # endif
| # include <string.h>
| #endif
| #ifdef HAVE_STRINGS_H
| # include <strings.h>
| #endif
| #ifdef HAVE_INTTYPES_H
| # include <inttypes.h>
| #endif
| #ifdef HAVE_STDINT_H
| # include <stdint.h>
| #endif
| #ifdef HAVE_UNISTD_H
| # include <unistd.h>
| #endif
| 	        enum { N = 64 / 2 - 1 };
| int
| main ()
| {
| static int test_array [1 - 2 * !((int64_t) (((((int64_t) 1 << N) << N) - 1) * 2 + 1)
| 		 < (int64_t) (((((int64_t) 1 << N) << N) - 1) * 2 + 2))];
| test_array [0] = 0;
| return test_array [0];
| 
|   ;
|   return 0;
| }
configure:5892: result: yes
configure:5903: checking for int8_t
configure:5903: gcc -c -g -O2  conftest.c >&5
configure:5903: $? = 0
configure:5903: gcc -c -g -O2  conftest.c >&5
conftest.c: In function 'main':
conftest.c:65:12: error: size of array 'test_array' is negative
 static int test_array [1 - 2 * !((int8_t) (((((int8_t) 1 << N) << N) - 1) * 2 + 1)
            ^
configure:5903: $? = 1
configure: failed program was:
| /* confdefs.h */
| #define PACKAGE_NAME "onionrouting"
| #define PACKAGE_TARNAME "onionrouting"
| #define PACKAGE_VERSION "1.0"
| #define PACKAGE_STRING "onionrouting 1.0"
| #define PACKAGE_BUGREPORT "gyanranjanh@gmail.com"
| #define PACKAGE_URL ""
| #define PACKAGE "onionrouting"
| #define VERSION "1.0"
| #define STDC_HEADERS 1
| #define HAVE_SYS_TYPES_H 1
| #define HAVE_SYS_STAT_H 1
| #define HAVE_STDLIB_H 1
| #define HAVE_STRING_H 1
| #define HAVE_MEMORY_H 1
| #define HAVE_STRINGS_H 1
| #define HAVE_INTTYPES_H 1
| #define HAVE_STDINT_H 1
| #define HAVE_UNISTD_H 1
| #define HAVE_NETDB_H 1
| #define HAVE_NETINET_IN_H 1
| #define HAVE_STDDEF_H 1
| #define HAVE_STDINT_H 1
| #define HAVE_STDLIB_H 1
| #define HAVE_STRING_H 1
| #define HAVE_SYS_SOCKET_H 1
| /* end confdefs.h.  */
| #include <stdio.h>
| #ifdef HAVE_SYS_TYPES_H
| # include <sys/types.h>
| #endif
| #ifdef HAVE_SYS_STAT_H
| # include <sys/stat.h>
| #endif
| #ifdef STDC_HEADERS
| # include <stdlib.h>
| # include <stddef.h>
| #else
| # ifdef HAVE_STDLIB_H
| #  include <stdlib.h>
| # endif
| #endif
| #ifdef HAVE_STRING_H
| # if !defined STDC_HEADERS && defined HAVE_MEMORY_H
| #  include <memory.h>
| # endif
| # include <string.h>
| #endif
| #ifdef HAVE_STRINGS_H
| # include <strings.h>
| #endif
| #ifdef HAVE_INTTYPES_H
| # include <inttypes.h>
| #endif
| #ifdef HAVE_STDINT_H
| # include <stdint.h>
| #endif
| #ifdef HAVE_UNISTD_H
| # include <unistd.h>
| #endif
| 	        enum { N = 8 / 2 - 1 };
| int
| main ()
| {
| static int test_array [1 - 2 * !((int8_t) (((((int8_t) 1 << N) << N) - 1) * 2 + 1)
| 		 < (int8_t) (((((int8_t) 1 << N) << N) - 1) * 2 + 2))];
| test_array [0] = 0;
| return test_array [0];
| 
|   ;
|   return 0;
| }
configure:5903: result: yes
configure:5914: checking for size_t
configure:5914: gcc -c -g -O2  conftest.c >&5
configure:5914: $? = 0
configure:5914: gcc -c -g -O2  conftest.c >&5
conftest.c: In function 'main':
conftest.c:64:21: error: expected expression before ')' token
 if (sizeof ((size_t)))
                     ^
configure:5914: $? = 1
configure: failed program was:
| /* confdefs.h */
| #define PACKAGE_NAME "onionrouting"
| #define PACKAGE_TARNAME "onionrouting"
| #define PACKAGE_VERSION "1.0"
| #define PACKAGE_STRING "onionrouting 1.0"
| #define PACKAGE_BUGREPORT "gyanranjanh@gmail.com"
| #define PACKAGE_URL ""
| #define PACKAGE "onionrouting"
| #define VERSION "1.0"
| #define STDC_HEADERS 1
| #define HAVE_SYS_TYPES_H 1
| #define HAVE_SYS_STAT_H 1
| #define HAVE_STDLIB_H 1
| #define HAVE_STRING_H 1
| #define HAVE_MEMORY_H 1
| #define HAVE_STRINGS_H 1
| #define HAVE_INTTYPES_H 1
| #define HAVE_STDINT_H 1
| #define HAVE_UNISTD_H 1
| #define HAVE_NETDB_H 1
| #define HAVE_NETINET_IN_H 1
| #define HAVE_STDDEF_H 1
| #define HAVE_STDINT_H 1
| #define HAVE_STDLIB_H 1
| #define HAVE_STRING_H 1
| #define HAVE_SYS_SOCKET_H 1
| /* end confdefs.h.  */
| #include <stdio.h>
| #ifdef HAVE_SYS_TYPES_H
| # include <sys/types.h>
| #endif
| #ifdef HAVE_SYS_STAT_H
| # include <sys/stat.h>
| #endif
| #ifdef STDC_HEADERS
| # include <stdlib.h>
| # include <stddef.h>
| #else
| # ifdef HAVE_STDLIB_H
| #  include <stdlib.h>
| # endif
| #endif
| #ifdef HAVE_STRING_H
| # if !defined STDC_HEADERS && defined HAVE_MEMORY_H
| #  include <memory.h>
| # endif
| # include <string.h>
| #endif
| #ifdef HAVE_STRINGS_H
| # include <strings.h>
| #endif
| #ifdef HAVE_INTTYPES_H
| # include <inttypes.h>
| #endif
| #ifdef HAVE_STDINT_H
| # include <stdint.h>
| #endif
| #ifdef HAVE_UNISTD_H
| # include <unistd.h>
| #endif
| int
| main ()
| {
| if (sizeof ((size_t)))
| 	    return 0;
|   ;
|   return 0;
| }
configure:5914: result: yes
configure:5925: checking for uint16_t
configure:5925: gcc -c -g -O2  conftest.c >&5
configure:5925: $? = 0
configure:5925: result: yes
configure:5937: checking for uint32_t
configure:5937: gcc -c -g -O2  conftest.c >&5
configure:5937: $? = 0
configure:5937: result: yes
configure:5951: checking for uint64_t
configure:5951: gcc -c -g -O2  conftest.c >&5
configure:5951: $? = 0
configure:5951: result: yes
configure:5965: checking for uint8_t
configure:5965: gcc -c -g -O2  conftest.c >&5
configure:5965: $? = 0
configure:5965: result: yes
configure:5983: checking for stdlib.h
configure:5983: result: yes
configure:5993: checking for GNU libc compatible malloc
configure:6017: gcc -o conftest -g -O2   conftest.c  >&5
configure:6017: $? = 0
configure:6017: ./conftest
configure:6017: $? = 0
configure:6027: result: yes
configure:6051: checking for bzero
configure:6051: gcc -o conftest -g -O2   conftest.c  >&5
conftest.c:53:6: warning: conflicting types for built-in function 'bzero' [enabled by default]
 char bzero ();
      ^
configure:6051: $? = 0
configure:6051: result: yes
configure:6051: checking for gethostbyname
configure:6051: gcc -o conftest -g -O2   conftest.c  >&5
configure:6051: $? = 0
configure:6051: result: yes
configure:6051: checking for select
configure:6051: gcc -o conftest -g -O2   conftest.c  >&5
configure:6051: $? = 0
configure:6051: result: yes
configure:6051: checking for socket
configure:6051: gcc -o conftest -g -O2   conftest.c  >&5
configure:6051: $? = 0
configure:6051: result: yes
configure:6051: checking for strerror
configure:6051: gcc -o conftest -g -O2   conftest.c  >&5
configure:6051: $? = 0
configure:6051: result: yes
configure:6051: checking for strstr
configure:6051: gcc -o conftest -g -O2   conftest.c  >&5
conftest.c:58:6: warning: conflicting types for built-in function 'strstr' [enabled by default]
 char strstr ();
      ^
configure:6051: $? = 0
configure:6051: result: yes
configure:6110: checking for ar
configure:6126: found /usr/bin/ar
configure:6137: result: ar
configure:6163: checking the archiver (ar) interface
configure:6179: gcc -c -g -O2  conftest.c >&5
configure:6179: $? = 0
configure:6181: ar cru libconftest.a conftest.o >&5
configure:6184: $? = 0
configure:6212: result: ar
configure:6389: checking that generated files are newer than configure
configure:6395: result: done
configure:6426: creating ./config.status

## ---------------------- ##
## Running config.status. ##
## ---------------------- ##

This file was extended by onionrouting config.status 1.0, which was
generated by GNU Autoconf 2.69.  Invocation command line was

  CONFIG_FILES    = 
  CONFIG_HEADERS  = 
  CONFIG_LINKS    = 
  CONFIG_COMMANDS = 
  $ ./config.status 

on gyan-VPCEA16FG

config.status:791: creating Makefile
config.status:791: creating src/Makefile
config.status:791: creating src/sha2_third_party/Makefile
config.status:791: creating src/lib/Makefile
config.status:963: executing depfiles commands

## ---------------- ##
## Cache variables. ##
## ---------------- ##

ac_cv_c_compiler_gnu=yes
ac_cv_c_int16_t=yes
ac_cv_c_int32_t=yes
ac_cv_c_int64_t=yes
ac_cv_c_int8_t=yes
ac_cv_c_uint16_t=yes
ac_cv_c_uint32_t=yes
ac_cv_c_uint64_t=yes
ac_cv_c_uint8_t=yes
ac_cv_cxx_compiler_gnu=yes
ac_cv_env_CCC_set=
ac_cv_env_CCC_value=
ac_cv_env_CC_set=
ac_cv_env_CC_value=
ac_cv_env_CFLAGS_set=
ac_cv_env_CFLAGS_value=
ac_cv_env_CPPFLAGS_set=
ac_cv_env_CPPFLAGS_value=
ac_cv_env_CPP_set=
ac_cv_env_CPP_value=
ac_cv_env_CXXFLAGS_set=
ac_cv_env_CXXFLAGS_value=
ac_cv_env_CXX_set=
ac_cv_env_CXX_value=
ac_cv_env_LDFLAGS_set=
ac_cv_env_LDFLAGS_value=
ac_cv_env_LIBS_set=
ac_cv_env_LIBS_value=
ac_cv_env_build_alias_set=
ac_cv_env_build_alias_value=
ac_cv_env_host_alias_set=
ac_cv_env_host_alias_value=
ac_cv_env_target_alias_set=
ac_cv_env_target_alias_value=
ac_cv_func_bzero=yes
ac_cv_func_gethostbyname=yes
ac_cv_func_malloc_0_nonnull=yes
ac_cv_func_select=yes
ac_cv_func_socket=yes
ac_cv_func_strerror=yes
ac_cv_func_strstr=yes
ac_cv_header_config_h=no
ac_cv_header_inttypes_h=yes
ac_cv_header_memory_h=yes
ac_cv_header_netdb_h=yes
ac_cv_header_netinet_in_h=yes
ac_cv_header_stdc=yes
ac_cv_header_stddef_h=yes
ac_cv_header_stdint_h=yes
ac_cv_header_stdlib_h=yes
ac_cv_header_string_h=yes
ac_cv_header_strings_h=yes
ac_cv_header_sys_socket_h=yes
ac_cv_header_sys_stat_h=yes
ac_cv_header_sys_types_h=yes
ac_cv_header_unistd_h=yes
ac_cv_objext=o
ac_cv_path_EGREP='/bin/grep -E'
ac_cv_path_GREP=/bin/grep
ac_cv_path_install='/usr/bin/install -c'
ac_cv_path_mkdir=/bin/mkdir
ac_cv_prog_AWK=mawk
ac_cv_prog_CPP='gcc -E'
ac_cv_prog_ac_ct_AR=ar
ac_cv_prog_ac_ct_CC=gcc
ac_cv_prog_ac_ct_CXX=g++
ac_cv_prog_ac_ct_RANLIB=ranlib
ac_cv_prog_cc_c89=
ac_cv_prog_cc_g=yes
ac_cv_prog_cxx_g=yes
ac_cv_prog_make_make_set=yes
ac_cv_type_size_t=yes
am_cv_CC_dependencies_compiler_type=gcc3
am_cv_CXX_dependencies_compiler_type=gcc3
am_cv_ar_interface=ar
am_cv_make_support_nested_variables=yes
am_cv_prog_cc_c_o=yes

## ----------------- ##
## Output variables. ##
## ----------------- ##

ACLOCAL='${SHELL} /home/gyan/OnionRouting/missing aclocal-1.14'
AMDEPBACKSLASH='\'
AMDEP_FALSE='#'
AMDEP_TRUE=''
AMTAR='$${TAR-tar}'
AM_BACKSLASH='\'
AM_DEFAULT_V='$(AM_DEFAULT_VERBOSITY)'
AM_DEFAULT_VERBOSITY='1'
AM_V='$(V)'
AR='ar'
AUTOCONF='${SHELL} /home/gyan/OnionRouting/missing autoconf'
AUTOHEADER='${SHELL} /home/gyan/OnionRouting/missing autoheader'
AUTOMAKE='${SHELL} /home/gyan/OnionRouting/missing automake-1.14'
AWK='mawk'
CC='gcc'
CCDEPMODE='depmode=gcc3'
CFLAGS='-g -O2'
CPP='gcc -E'
CPPFLAGS=''
CXX='g++'
CXXDEPMODE='depmode=gcc3'
CXXFLAGS='-g -O2'
CYGPATH_W='echo'
DEFS='-DPACKAGE_NAME=\"onionrouting\" -DPACKAGE_TARNAME=\"onionrouting\" -DPACKAGE_VERSION=\"1.0\" -DPACKAGE_STRING=\"onionrouting\ 1.0\" -DPACKAGE_BUGREPORT=\"gyanranjanh@gmail.com\" -DPACKAGE_URL=\"\" -DPACKAGE=\"onionrouting\" -DVERSION=\"1.0\" -DSTDC_HEADERS=1 -DHAVE_SYS_TYPES_H=1 -DHAVE_SYS_STAT_H=1 -DHAVE_STDLIB_H=1 -DHAVE_STRING_H=1 -DHAVE_MEMORY_H=1 -DHAVE_STRINGS_H=1 -DHAVE_INTTYPES_H=1 -DHAVE_STDINT_H=1 -DHAVE_UNISTD_H=1 -DHAVE_NETDB_H=1 -DHAVE_NETINET_IN_H=1 -DHAVE_STDDEF_H=1 -DHAVE_STDINT_H=1 -DHAVE_STDLIB_H=1 -DHAVE_STRING_H=1 -DHAVE_SYS_SOCKET_H=1 -DHAVE_STDLIB_H=1 -DHAVE_MALLOC=1 -DHAVE_BZERO=1 -DHAVE_GETHOSTBYNAME=1 -DHAVE_SELECT=1 -DHAVE_SOCKET=1 -DHAVE_STRERROR=1 -DHAVE_STRSTR=1'
DEPDIR='.deps'
ECHO_C=''
ECHO_N='-n'
ECHO_T=''
EGREP='/bin/grep -E'
EXEEXT=''
GREP='/bin/grep'
INSTALL_DATA='${INSTALL} -m 644'
INSTALL_PROGRAM='${INSTALL}'
INSTALL_SCRIPT='${INSTALL}'
INSTALL_STRIP_PROGRAM='$(install_sh) -c -s'
LDFLAGS=''
LIBOBJS=''
LIBS=''
LN_S='ln -s'
LTLIBOBJS=''
MAKEINFO='${SHELL} /home/gyan/OnionRouting/missing makeinfo'
MKDIR_P='/bin/mkdir -p'
OBJEXT='o'
PACKAGE='onionrouting'
PACKAGE_BUGREPORT='gyanranjanh@gmail.com'
PACKAGE_NAME='onionrouting'
PACKAGE_STRING='onionrouting 1.0'
PACKAGE_TARNAME='onionrouting'
PACKAGE_URL=''
PACKAGE_VERSION='1.0'
PATH_SEPARATOR=':'
RANLIB='ranlib'
SET_MAKE=''
SHELL='/bin/bash'
STRIP=''
VERSION='1.0'
ac_ct_AR='ar'
ac_ct_CC='gcc'
ac_ct_CXX='g++'
am__EXEEXT_FALSE=''
am__EXEEXT_TRUE='#'
am__fastdepCC_FALSE='#'
am__fastdepCC_TRUE=''
am__fastdepCXX_FALSE='#'
am__fastdepCXX_TRUE=''
am__include='include'
am__isrc=''
am__leading_dot='.'
am__nodep='_no'
am__quote=''
am__tar='$${TAR-tar} chof - "$$tardir"'
am__untar='$${TAR-tar} xf -'
bindir='${exec_prefix}/bin'
build_alias=''
datadir='${datarootdir}'
datarootdir='${prefix}/share'
docdir='${datarootdir}/doc/${PACKAGE_TARNAME}'
dvidir='${docdir}'
exec_prefix='${prefix}'
host_alias=''
htmldir='${docdir}'
includedir='${prefix}/include'
infodir='${datarootdir}/info'
install_sh='${SHELL} /home/gyan/OnionRouting/install-sh'
libdir='${exec_prefix}/lib'
libexecdir='${exec_prefix}/libexec'
localedir='${datarootdir}/locale'
localstatedir='${prefix}/var'
mandir='${datarootdir}/man'
mkdir_p='$(MKDIR_P)'
oldincludedir='/usr/include'
pdfdir='${docdir}'
prefix='/usr/local'
program_transform_name='s,x,x,'
psdir='${docdir}'
sbindir='${exec_prefix}/sbin'
sharedstatedir='${prefix}/com'
sysconfdir='${prefix}/etc'
target_alias=''

## ----------- ##
## confdefs.h. ##
## ----------- ##

/* confdefs.h */
#define PACKAGE_NAME "onionrouting"
#define PACKAGE_TARNAME "onionrouting"
#define PACKAGE_VERSION "1.0"
#define PACKAGE_STRING "onionrouting 1.0"
#define PACKAGE_BUGREPORT "gyanranjanh@gmail.com"
#define PACKAGE_URL ""
#define PACKAGE "onionrouting"
#define VERSION "1.0"
#define STDC_HEADERS 1
#define HAVE_SYS_TYPES_H 1
#define HAVE_SYS_STAT_H 1
#define HAVE_STDLIB_H 1
#define HAVE_STRING_H 1
#define HAVE_MEMORY_H 1
#define HAVE_STRINGS_H 1
#define HAVE_INTTYPES_H 1
#define HAVE_STDINT_H 1
#define HAVE_UNISTD_H 1
#define HAVE_NETDB_H 1
#define HAVE_NETINET_IN_H 1
#define HAVE_STDDEF_H 1
#define HAVE_STDINT_H 1
#define HAVE_STDLIB_H 1
#define HAVE_STRING_H 1
#define HAVE_SYS_SOCKET_H 1
#define HAVE_STDLIB_H 1
#define HAVE_MALLOC 1
#define HAVE_BZERO 1
#define HAVE_GETHOSTBYNAME 1
#define HAVE_SELECT 1
#define HAVE_SOCKET 1
#define HAVE_STRERROR 1
#define HAVE_STRSTR 1

configure: exit 0

## ---------------------- ##
## Running config.status. ##
## ---------------------- ##

This file was extended by onionrouting config.status 1.0, which was
generated by GNU Autoconf 2.69.  Invocation command line was

  CONFIG_FILES    = 
  CONFIG_HEADERS  = 
  CONFIG_LINKS    = 
  CONFIG_COMMANDS = 
  $ ./config.status src/Makefile depfiles

on gyan-VPCEA16FG

config.status:791: creating src/Makefile
config.status:963: executing depfiles commands

## ---------------------- ##
## Running config.status. ##
## ---------------------- ##

This file was extended by onionrouting config.status 1.0, which was
generated by GNU Autoconf 2.69.  Invocation command line was

  CONFIG_FILES    = 
  CONFIG_HEADERS  = 
  CONFIG_LINKS    = 
  CONFIG_COMMANDS = 
  $ ./config.status src/Makefile depfiles

on gyan-VPCEA16FG

config.status:791: creating src/Makefile
config.status:963: executing depfiles commands

## ---------------------- ##
## Running config.status. ##
## ---------------------- ##

This file was extended by onionrouting config.status 1.0, which was
generated by GNU Autoconf 2.69.  Invocation command line was

  CONFIG_FILES    = 
  CONFIG_HEADERS  = 
  CONFIG_LINKS    = 
  CONFIG_COMMANDS = 
  $ ./config.status src/Makefile depfiles

on gyan-VPCEA16FG

config.status:791: creating src/Makefile
config.status:963: executing depfiles commands

## ---------------------- ##
## Running config.status. ##
## ---------------------- ##

This file was extended by onionrouting config.status 1.0, which was
generated by GNU Autoconf 2.69.  Invocation command line was

  CONFIG_FILES    = 
  CONFIG_HEADERS  = 
  CONFIG_LINKS    = 
  CONFIG_COMMANDS = 
  $ ./config.status src/Makefile depfiles

on gyan-VPCEA16FG

config.status:791: creating src/Makefile
config.status:963: executing depfiles commands

## ---------------------- ##
## Running config.status. ##
## ---------------------- ##

This file was extended by onionrouting config.status 1.0, which was
generated by GNU Autoconf 2.69.  Invocation command line was

  CONFIG_FILES    = 
  CONFIG_HEADERS  = 
  CONFIG_LINKS    = 
  CONFIG_COMMANDS = 
  $ ./config.status src/Makefile depfiles

on gyan-VPCEA16FG

config.status:791: creating src/Makefile
config.status:963: executing depfiles commands
